<?xml version="1.0" encoding="UTF-8"?>
<testsuite xmlns:xsi="http://www.w3.org/2001/XMLSchema-instance" xsi:noNamespaceSchemaLocation="https://maven.apache.org/surefire/maven-surefire-plugin/xsd/surefire-test-report-3.0.xsd" version="3.0" name="com.rewine.backend.RewineBackendAppTests" time="2.656" tests="1" errors="0" skipped="0" failures="0">
  <properties>
[...]
</properties>
  <testcase name="contextLoads" classname="com.rewine.backend.RewineBackendAppTests" time="0.283">
    <system-out><![CDATA[11:55:14.715 [main] INFO org.springframework.test.context.support.AnnotationConfigContextLoaderUtils -- Could not detect default configuration classes for test class [com.rewine.backend.RewineBackendAppTests]: RewineBackendAppTests does not declare any static, non-private, non-final, nested classes annotated with @Configuration.
11:55:14.748 [main] INFO org.springframework.boot.test.context.SpringBootTestContextBootstrapper -- Found @SpringBootConfiguration com.rewine.backend.RewineBackendApp for test class com.rewine.backend.RewineBackendAppTests

  .   ____          _            __ _ _
 /\\ / ___'_ __ _ _(_)_ __  __ _ \ \ \ \
( ( )\___ | '_ | '_| | '_ \/ _` | \ \ \ \
 \\/  ___)| |_)| | | | | || (_| |  ) ) ) )
  '  |____| .__|_| |_|_| |_\__, | / / / /
 =========|_|==============|___/=/_/_/_/
 :: Spring Boot ::                (v3.2.1)

2026-01-14T11:55:14.883-03:00  INFO 83864 --- [rewine-backend] [           main] c.rewine.backend.RewineBackendAppTests   : Starting RewineBackendAppTests using Java 21.0.5 with PID 83864 (started by cristhianbielaszczuk in /Users/cristhianbielaszczuk/rewine/backend)
2026-01-14T11:55:14.884-03:00  INFO 83864 --- [rewine-backend] [           main] c.rewine.backend.RewineBackendAppTests   : The following 1 profile is active: "test"
2026-01-14T11:55:15.639-03:00  WARN 83864 --- [rewine-backend] [           main] org.hibernate.orm.deprecation            : HHH90000025: H2Dialect does not need to be specified explicitly using 'hibernate.dialect' (remove the property setting and it will be selected by default)
2026-01-14T11:55:15.981-03:00 DEBUG 83864 --- [rewine-backend] [           main] org.hibernate.SQL                        : 
    drop table if exists events cascade 
2026-01-14T11:55:15.982-03:00 DEBUG 83864 --- [rewine-backend] [           main] org.hibernate.SQL                        : 
    drop table if exists reviews cascade 
2026-01-14T11:55:15.982-03:00 DEBUG 83864 --- [rewine-backend] [           main] org.hibernate.SQL                        : 
    drop table if exists user_roles cascade 
2026-01-14T11:55:15.983-03:00 DEBUG 83864 --- [rewine-backend] [           main] org.hibernate.SQL                        : 
    drop table if exists users cascade 
2026-01-14T11:55:15.983-03:00 DEBUG 83864 --- [rewine-backend] [           main] org.hibernate.SQL                        : 
    drop table if exists wine_route_stops cascade 
2026-01-14T11:55:15.983-03:00 DEBUG 83864 --- [rewine-backend] [           main] org.hibernate.SQL                        : 
    drop table if exists wine_routes cascade 
2026-01-14T11:55:15.983-03:00 DEBUG 83864 --- [rewine-backend] [           main] org.hibernate.SQL                        : 
    drop table if exists wines cascade 
2026-01-14T11:55:15.985-03:00 DEBUG 83864 --- [rewine-backend] [           main] org.hibernate.SQL                        : 
    create table events (
        current_attendees integer,
        latitude numeric(38,2),
        longitude numeric(38,2),
        max_attendees integer,
        price numeric(38,2),
        created_at timestamp(6) with time zone not null,
        end_date timestamp(6) with time zone not null,
        start_date timestamp(6) with time zone not null,
        updated_at timestamp(6) with time zone not null,
        id uuid not null,
        organizer_id uuid not null,
        description TEXT,
        image_url varchar(255),
        location_address varchar(255),
        location_city varchar(255),
        location_name varchar(255),
        location_region varchar(255),
        status varchar(255) not null,
        title varchar(255) not null,
        type varchar(255) not null,
        primary key (id)
    )
2026-01-14T11:55:15.987-03:00 DEBUG 83864 --- [rewine-backend] [           main] org.hibernate.SQL                        : 
    create table reviews (
        rating integer not null,
        created_at timestamp(6) with time zone not null,
        updated_at timestamp(6) with time zone not null,
        id uuid not null,
        user_id uuid not null,
        wine_id uuid not null,
        comment TEXT,
        primary key (id)
    )
2026-01-14T11:55:15.987-03:00 DEBUG 83864 --- [rewine-backend] [           main] org.hibernate.SQL                        : 
    create table user_roles (
        user_id uuid not null,
        role varchar(255)
    )
2026-01-14T11:55:15.988-03:00 DEBUG 83864 --- [rewine-backend] [           main] org.hibernate.SQL                        : 
    create table users (
        is_verified boolean,
        created_at timestamp(6) with time zone not null,
        updated_at timestamp(6) with time zone not null,
        id uuid not null,
        avatar varchar(255),
        email varchar(255) not null unique,
        name varchar(255) not null,
        password varchar(255) not null,
        primary key (id)
    )
2026-01-14T11:55:15.988-03:00 DEBUG 83864 --- [rewine-backend] [           main] org.hibernate.SQL                        : 
    create table wine_route_stops (
        estimated_duration integer,
        latitude numeric(38,2),
        longitude numeric(38,2),
        stop_order integer not null,
        id uuid not null,
        wine_route_id uuid not null,
        address varchar(255),
        description TEXT,
        name varchar(255) not null,
        type varchar(255),
        primary key (id)
    )
2026-01-14T11:55:15.989-03:00 DEBUG 83864 --- [rewine-backend] [           main] org.hibernate.SQL                        : 
    create table wine_routes (
        estimated_duration integer,
        total_distance float(53),
        created_at timestamp(6) with time zone not null,
        updated_at timestamp(6) with time zone not null,
        created_by uuid not null,
        id uuid not null,
        description TEXT,
        difficulty varchar(255),
        image_url varchar(255),
        name varchar(255) not null,
        region varchar(255),
        status varchar(255) not null,
        primary key (id)
    )
2026-01-14T11:55:15.989-03:00 DEBUG 83864 --- [rewine-backend] [           main] org.hibernate.SQL                        : 
    create table wines (
        price numeric(38,2),
        rating numeric(3,2),
        review_count integer,
        vintage integer,
        created_at timestamp(6) with time zone not null,
        updated_at timestamp(6) with time zone not null,
        id uuid not null,
        country varchar(255),
        description TEXT,
        grape_variety varchar(255),
        image_url varchar(255),
        name varchar(255) not null,
        region varchar(255),
        type varchar(255) not null,
        winery varchar(255) not null,
        primary key (id)
    )
2026-01-14T11:55:15.990-03:00 DEBUG 83864 --- [rewine-backend] [           main] org.hibernate.SQL                        : 
    alter table if exists events 
       add constraint FKdocju8m76a3f8o6ljh2jrn2ra 
       foreign key (organizer_id) 
       references users
2026-01-14T11:55:15.994-03:00 DEBUG 83864 --- [rewine-backend] [           main] org.hibernate.SQL                        : 
    alter table if exists reviews 
       add constraint FKcgy7qjc1r99dp117y9en6lxye 
       foreign key (user_id) 
       references users
2026-01-14T11:55:15.994-03:00 DEBUG 83864 --- [rewine-backend] [           main] org.hibernate.SQL                        : 
    alter table if exists reviews 
       add constraint FKtbinyi8d4c0yhnxoaecxpavt2 
       foreign key (wine_id) 
       references wines
2026-01-14T11:55:15.995-03:00 DEBUG 83864 --- [rewine-backend] [           main] org.hibernate.SQL                        : 
    alter table if exists user_roles 
       add constraint FKhfh9dx7w3ubf1co1vdev94g3f 
       foreign key (user_id) 
       references users
2026-01-14T11:55:15.995-03:00 DEBUG 83864 --- [rewine-backend] [           main] org.hibernate.SQL                        : 
    alter table if exists wine_route_stops 
       add constraint FKdkw24dqc7mhy0b9xd9lb5t8cx 
       foreign key (wine_route_id) 
       references wine_routes
2026-01-14T11:55:15.996-03:00 DEBUG 83864 --- [rewine-backend] [           main] org.hibernate.SQL                        : 
    alter table if exists wine_routes 
       add constraint FK5s6iawfpvcd49344v6jmf7ny5 
       foreign key (created_by) 
       references users
2026-01-14T11:55:16.070-03:00  WARN 83864 --- [rewine-backend] [           main] JpaBaseConfiguration$JpaWebConfiguration : spring.jpa.open-in-view is enabled by default. Therefore, database queries may be performed during view rendering. Explicitly configure spring.jpa.open-in-view to disable this warning
2026-01-14T11:55:16.091-03:00  WARN 83864 --- [rewine-backend] [           main] .s.s.UserDetailsServiceAutoConfiguration : 

Using generated security password: 471b0d0d-99d2-41fc-b254-b96d2a01b886

This generated password is for development use only. Your security configuration must be updated before running your application in production.

2026-01-14T11:55:16.990-03:00  INFO 83864 --- [rewine-backend] [           main] c.rewine.backend.RewineBackendAppTests   : Started RewineBackendAppTests in 2.199 seconds (process running for 2.512)
]]></system-out>
    <system-err><![CDATA[WARNING: A Java agent has been loaded dynamically (/Users/cristhianbielaszczuk/.m2/repository/net/bytebuddy/byte-buddy-agent/1.14.10/byte-buddy-agent-1.14.10.jar)
WARNING: If a serviceability tool is in use, please run with -XX:+EnableDynamicAgentLoading to hide this warning
WARNING: If a serviceability tool is not in use, please run with -Djdk.instrument.traceUsage for more information
WARNING: Dynamic loading of agents will be disallowed by default in a future release
]]></system-err>
  </testcase>
</testsuite>